<?xml version="1.0" encoding="UTF-8"?>
<!-- Generated by org.testng.reporters.JUnitReportReporter -->
<testsuite hostname="LAPTOP-9C50NI46" failures="0" tests="1" name="Testngdemo.Testngdemo.logintest" time="7.883" errors="0" timestamp="2023-07-20T18:09:50 IST" skipped="0">
  <testcase classname="Testngdemo.Testngdemo.logintest" name="loginTest" time="7.883"/>
</testsuite> <!-- Testngdemo.Testngdemo.logintest -->
