<?xml version="1.0" encoding="UTF-8"?>
<!-- Generated by org.testng.reporters.JUnitReportReporter -->
<testsuite hostname="LAPTOP-9C50NI46" failures="0" tests="1" name="Testngdemo.Testngdemo.RegisterTest" time="8.880" errors="0" timestamp="2023-07-20T17:24:21 IST" skipped="0">
  <testcase classname="Testngdemo.Testngdemo.RegisterTest" name="testUserRegistration" time="8.880"/>
</testsuite> <!-- Testngdemo.Testngdemo.RegisterTest -->
