<?xml version="1.0" encoding="UTF-8"?>
<!-- Generated by org.testng.reporters.JUnitReportReporter -->
<testsuite hostname="LAPTOP-9C50NI46" failures="0" tests="4" name="Testngdemo.Testngdemo.CombinedTests" time="48.921" errors="0" timestamp="2023-07-21T17:31:13 IST" skipped="0">
  <testcase classname="Testngdemo.Testngdemo.CombinedTests" name="addToCartTest" time="11.704"/>
  <testcase classname="Testngdemo.Testngdemo.CombinedTests" name="googleSearchTest" time="16.696"/>
  <testcase classname="Testngdemo.Testngdemo.CombinedTests" name="loginTest" time="9.784"/>
  <testcase classname="Testngdemo.Testngdemo.CombinedTests" name="UserRegistrationTest" time="10.737"/>
</testsuite> <!-- Testngdemo.Testngdemo.CombinedTests -->
