<?xml version="1.0" encoding="UTF-8"?>
<!-- Generated by org.testng.reporters.JUnitReportReporter -->
<testsuite hostname="LAPTOP-9C50NI46" failures="0" tests="1" name="com.example.NewTest1" time="0.003" errors="0" timestamp="2023-07-22T12:30:32 IST" skipped="0">
  <testcase classname="com.example.NewTest1" name="test4" time="0.003"/>
</testsuite> <!-- com.example.NewTest1 -->
