<?xml version="1.0" encoding="UTF-8"?>
<!-- Generated by org.testng.reporters.JUnitReportReporter -->
<testsuite hostname="LAPTOP-9C50NI46" failures="0" tests="1" name="com.example.NewTest" time="16.821" errors="0" timestamp="2023-07-22T12:30:32 IST" skipped="0">
  <testcase classname="com.example.NewTest" name="test1" time="16.821"/>
</testsuite> <!-- com.example.NewTest -->
