<?xml version="1.0" encoding="UTF-8"?>
<!-- Generated by org.testng.reporters.JUnitReportReporter -->
<testsuite hostname="LAPTOP-9C50NI46" failures="0" tests="2" name="com.example.parameterTest" time="12.155" errors="0" timestamp="2023-07-22T12:55:13 IST" skipped="0">
  <testcase classname="com.example.parameterTest" name="test2" time="9.632"/>
  <testcase classname="com.example.parameterTest" name="test1" time="2.523"/>
</testsuite> <!-- com.example.parameterTest -->
