<?xml version="1.0" encoding="UTF-8"?>
<!-- Generated by org.testng.reporters.JUnitReportReporter -->
<testsuite hostname="LAPTOP-9C50NI46" failures="0" tests="2" name="com.example.hardAssert" time="14.701" errors="0" timestamp="2023-07-22T12:33:27 IST" skipped="0">
  <testcase classname="com.example.hardAssert" name="test1" time="5.136"/>
  <testcase classname="com.example.hardAssert" name="test2" time="9.565"/>
</testsuite> <!-- com.example.hardAssert -->
